<?xml version="1.0" encoding="UTF-8"?>
<!-- Generated by org.testng.reporters.JUnitReportReporter -->
<testsuite hostname="laptopGOPIR" failures="0" tests="1" name="lead.Laun" time="5.615" errors="0" timestamp="2024-09-19T11:36:46 IST" skipped="0">
  <testcase classname="lead.Laun" name="lau" time="5.615"/>
</testsuite> <!-- lead.Laun -->
